<?xml version="1.0" encoding="UTF-8"?>
<testsuite xmlns:xsi="http://www.w3.org/2001/XMLSchema-instance" xsi:noNamespaceSchemaLocation="https://maven.apache.org/surefire/maven-surefire-plugin/xsd/surefire-test-report-3.0.xsd" version="3.0" name="com.igot.cb.pores.config.RedisConfigTest" time="0.836" tests="5" errors="0" skipped="0" failures="0">
  <properties>
[...]
</properties>
  <testcase name="testSearchResultRedisTemplate" classname="com.igot.cb.pores.config.RedisConfigTest" time="0.007"/>
  <testcase name="testRedisDataConnectionFactory" classname="com.igot.cb.pores.config.RedisConfigTest" time="0.002"/>
  <testcase name="testRedisDataTemplate" classname="com.igot.cb.pores.config.RedisConfigTest" time="0.001"/>
  <testcase name="testRedisTemplate" classname="com.igot.cb.pores.config.RedisConfigTest" time="0.001"/>
  <testcase name="testRedisConnectionFactory" classname="com.igot.cb.pores.config.RedisConfigTest" time="0.001"/>
</testsuite>